
"Load execution trace for table: fact_global_market"
"This section logs the full execution context:"
  " - Start and end markers for visibility"
  " - Metadata resolution from transform/load layers"
  " - Delta table read (with versioning support)"
  " - DataFrame inspection (row count, schema)"
  " - PostgreSQL write confirmation"
  " - Metadata persistence for audit & future skips"
==================================================
      Loading Started for fact_global_market      
==================================================
[2025-05-23 22:00:32] [LOAD] [GLOBALMETRICSLOADER] Last snapshot loaded from /home/hm/Desktop/Data_engineer/Projects/Crypto_OLAP_ETL_Project/crypto_etl_project/metadata/load/global_metrics/fact_global_market.jsonl 
[2025-05-23 22:00:32] [LOAD] [GLOBALMETRICSLOADER] Last snapshot loaded from /home/hm/Desktop/Data_engineer/Projects/Crypto_OLAP_ETL_Project/crypto_etl_project/metadata/transform/global_metrics/fact_global_market.jsonl 
[2025-05-23 22:00:32] [LOAD] [GLOBALMETRICSLOADER] [fact_global_market] New transformation detected. Proceeding to load. 
[2025-05-23 22:00:32] [LOAD] [GLOBALMETRICSLOADER] [fact_global_market] Reading Delta table from: /home/hm/Desktop/Data_engineer/Projects/Crypto_OLAP_ETL_Project/crypto_etl_project/data/silver/global_metrics/fact_global_market 
[2025-05-23 22:00:32] [LOAD] [GLOBALMETRICSLOADER] LOADING FACT_GLOBAL_MARKET 
[2025-05-23 22:00:32] [LOAD] [GLOBALMETRICSLOADER] [fact_global_market] Row count: 1 | Schema: struct<snapshot_timestamp:timestamp,snapshot_str:string,last_updated_timestamp:timestamp,last_updated_str:string,btc_dominance:double,eth_dominance:double,btc_dominance_yesterday:double,eth_dominance_yesterday:double,btc_dominance_24h_change:double,eth_dominance_24h_change:double,btc_dominance_delta:double,eth_dominance_delta:double,check_btc_dominance_delta:boolean,check_eth_dominance_delta:boolean,active_cryptocurrencies:int,total_cryptocurrencies:int,active_market_pairs:int,active_exchanges:int,total_exchanges:int,defi_market_cap:double,defi_volume_24h:double,defi_volume_24h_reported:double,defi_24h_percentage_change:double,defi_volume_share:double,check_defi_volume_share:boolean,stablecoin_market_cap:double,stablecoin_volume_24h:double,stablecoin_volume_24h_reported:double,stablecoin_24h_percentage_change:double,stablecoin_market_share:double,check_stablecoin_market_share:boolean,derivatives_volume_24h:double,derivatives_volume_24h_reported:double,derivatives_24h_percentage_change:double,altcoin_market_cap:double,altcoin_volume_24h:double,altcoin_volume_24h_reported:double,total_market_cap:double,total_volume_24h:double,total_volume_24h_reported:double,market_liquidity_ratio:double,check_market_liquidity_ratio:boolean,total_market_cap_yesterday:double,total_volume_24h_yesterday:double,total_market_cap_yesterday_change:double,total_volume_24h_yesterday_change:double,total_crypto_dex_currencies:int,new_cryptos_today:int,new_cryptos_last_24h:int,new_cryptos_last_7d:int,new_cryptos_last_30d:int,new_cryptos_today_pct:double,crypto_growth_rate_30d:double,check_crypto_growth_rate_30d:boolean,max_daily_new_cryptos:int,max_new_cryptos_day:date,min_daily_new_cryptos:int,min_new_cryptos_day:date> 
[2025-05-23 22:00:32] [LOAD] [GLOBALMETRICSLOADER] [fact_global_market] Successfully wrote 1 rows to fact_global_market 
[2025-05-23 22:00:32] [LOAD] [GLOBALMETRICSLOADER] Last snapshot loaded from /home/hm/Desktop/Data_engineer/Projects/Crypto_OLAP_ETL_Project/crypto_etl_project/metadata/transform/global_metrics/fact_global_market.jsonl 
[2025-05-23 22:00:32] [LOAD] [GLOBALMETRICSLOADER] Metadata saved to /home/hm/Desktop/Data_engineer/Projects/Crypto_OLAP_ETL_Project/crypto_etl_project/metadata/load/global_metrics/fact_global_market.jsonl 
[2025-05-23 22:00:32] [LOAD] [GLOBALMETRICSLOADER] [fact_global_market] Loaded operation for fact_global_market succeeded 

==================================================
       Loading Ended for fact_global_market       
==================================================
"If no new transformation is detected, the load is skipped."
==================================================
      Loading Started for fact_global_market      
==================================================
[2025-05-23 22:03:36] [LOAD] [GLOBALMETRICSLOADER] Last snapshot loaded from /home/hm/Desktop/Data_engineer/Projects/Crypto_OLAP_ETL_Project/crypto_etl_project/metadata/load/global_metrics/fact_global_market.jsonl 
[2025-05-23 22:03:36] [LOAD] [GLOBALMETRICSLOADER] Last snapshot loaded from /home/hm/Desktop/Data_engineer/Projects/Crypto_OLAP_ETL_Project/crypto_etl_project/metadata/transform/global_metrics/fact_global_market.jsonl 
[2025-05-23 22:03:36] [LOAD] [GLOBALMETRICSLOADER] [fact_global_market] No new transformation since last load. Skipping. 

==================================================
      Loading Skipped for fact_global_market      
==================================================

~~~~~~~~~~~~~~~~~~~~~~~~~~~~~~~~~~~~~~~~~~~~~~~~~~~~~~~~~~~~~~~~~~~~~~~~~~~~~~~~~~~~~~~~~~~~~~~~~~~~~~~~~~~~~~~~~~~~~~~~~~~~~~~~~~~~~~~~~~~~~~~~~~~~~~~~~~~~~~~~~~~~~~~~~~~~~~~~~~~~~~~~~~~~~~~~~~~~~~~~~~~~~~~~~~~~~~~~~~~~~~~~~~~~~~~~~~~~~~~~~~~~~~

"Load execution trace for table: fact_market_sentiment"
"This section logs the lifecycle of three distinct load attempts:"

"First block -- Loading new data into the DWH"
"   - No prior metadata found -> load is triggered"
"   - Delta table read -> rows written to DWH"
"   - After load, metadata snapshot is persisted to track the version"

"Logs include:"
"   - Metadata resolution"
"   - Delta read operation"
"   - DWH write confirmation (or skip)"
"   - Sectional visual markers for readability"
==================================================
    Loading Started for fact_market_sentiment     
==================================================
[2025-05-24 14:03:42] [LOAD] [FEARANDGREEDLOADER] [INFO] No existing metadata for fact_market_sentiment 
[2025-05-24 14:03:42] [LOAD] [FEARANDGREEDLOADER] [fact_market_sentiment] Data is not loaded yet. Proceeding... 
[2025-05-24 14:03:42] [LOAD] [FEARANDGREEDLOADER] [fact_market_sentiment] Reading Delta table from: /home/hm/Desktop/Data_engineer/Projects/Crypto_OLAP_ETL_Project/crypto_etl_project/data/silver/fear_and_greed/fact_market_sentiment 
[2025-05-24 14:03:42] [LOAD] [FEARANDGREEDLOADER] LOADING FACT_MARKET_SENTIMENT 
[2025-05-24 14:03:42] [LOAD] [FEARANDGREEDLOADER] [fact_market_sentiment] Row count: 505 | Schema: struct<snapshot_timestamp:timestamp,snapshot_str:string,fear_greed_score:int,sentiment_label:string> 
[2025-05-24 14:03:42] [LOAD] [FEARANDGREEDLOADER] [fact_market_sentiment] Successfully wrote 503 rows to fact_market_sentiment 
[2025-05-24 14:03:42] [LOAD] [FEARANDGREEDLOADER] Last snapshot loaded from /home/hm/Desktop/Data_engineer/Projects/Crypto_OLAP_ETL_Project/crypto_etl_project/metadata/transform/fear_and_greed/fact_market_sentiment.jsonl 
[2025-05-24 14:03:42] [LOAD] [FEARANDGREEDLOADER] Metadata saved to /home/hm/Desktop/Data_engineer/Projects/Crypto_OLAP_ETL_Project/crypto_etl_project/metadata/load/fear_and_greed/fact_market_sentiment.jsonl 
[2025-05-24 14:03:42] [LOAD] [FEARANDGREEDLOADER] [fact_market_sentiment] Loaded operation for fact_market_sentiment succeeded 

==================================================
     Loading Ended for fact_market_sentiment      
==================================================
"Second block -- Re-evaluation of already loaded data"
"   - Same transform version detected -> load is skipped"
"   - Demonstrates idempotent behavior via metadata comparison"
==================================================
    Loading Started for fact_market_sentiment     
==================================================
[2025-05-24 14:05:13] [LOAD] [FEARANDGREEDLOADER] Last snapshot loaded from /home/hm/Desktop/Data_engineer/Projects/Crypto_OLAP_ETL_Project/crypto_etl_project/metadata/load/fear_and_greed/fact_market_sentiment.jsonl 
[2025-05-24 14:05:13] [LOAD] [FEARANDGREEDLOADER] Last snapshot loaded from /home/hm/Desktop/Data_engineer/Projects/Crypto_OLAP_ETL_Project/crypto_etl_project/metadata/transform/fear_and_greed/fact_market_sentiment.jsonl 
[2025-05-24 14:05:13] [LOAD] [FEARANDGREEDLOADER] [fact_market_sentiment] No new transformation since last load. Skipping. 

==================================================
    Loading Skipped for fact_market_sentiment     
==================================================
"Third block -- New transformed data detected"
"   - New Delta version found -> load is re-triggered"
"   - Successfully written and metadata updated accordingly"
==================================================
    Loading Started for fact_market_sentiment     
==================================================
[2025-05-24 14:06:28] [LOAD] [FEARANDGREEDLOADER] Last snapshot loaded from /home/hm/Desktop/Data_engineer/Projects/Crypto_OLAP_ETL_Project/crypto_etl_project/metadata/load/fear_and_greed/fact_market_sentiment.jsonl 
[2025-05-24 14:06:28] [LOAD] [FEARANDGREEDLOADER] Last snapshot loaded from /home/hm/Desktop/Data_engineer/Projects/Crypto_OLAP_ETL_Project/crypto_etl_project/metadata/transform/fear_and_greed/fact_market_sentiment.jsonl 
[2025-05-24 14:06:28] [LOAD] [FEARANDGREEDLOADER] [fact_market_sentiment] New transformation detected. Proceeding to load. 
[2025-05-24 14:06:28] [LOAD] [FEARANDGREEDLOADER] [fact_market_sentiment] Reading Delta table from: /home/hm/Desktop/Data_engineer/Projects/Crypto_OLAP_ETL_Project/crypto_etl_project/data/silver/fear_and_greed/fact_market_sentiment 
[2025-05-24 14:06:28] [LOAD] [FEARANDGREEDLOADER] LOADING FACT_MARKET_SENTIMENT 
[2025-05-24 14:06:28] [LOAD] [FEARANDGREEDLOADER] [fact_market_sentiment] Row count: 1 | Schema: struct<snapshot_timestamp:timestamp,snapshot_str:string,fear_greed_score:int,sentiment_label:string> 
[2025-05-24 14:06:28] [LOAD] [FEARANDGREEDLOADER] [fact_market_sentiment] Successfully wrote 1 rows to fact_market_sentiment 
[2025-05-24 14:06:28] [LOAD] [FEARANDGREEDLOADER] Last snapshot loaded from /home/hm/Desktop/Data_engineer/Projects/Crypto_OLAP_ETL_Project/crypto_etl_project/metadata/transform/fear_and_greed/fact_market_sentiment.jsonl 
[2025-05-24 14:06:28] [LOAD] [FEARANDGREEDLOADER] Metadata saved to /home/hm/Desktop/Data_engineer/Projects/Crypto_OLAP_ETL_Project/crypto_etl_project/metadata/load/fear_and_greed/fact_market_sentiment.jsonl 
[2025-05-24 14:06:28] [LOAD] [FEARANDGREEDLOADER] [fact_market_sentiment] Loaded operation for fact_market_sentiment succeeded 

==================================================
     Loading Ended for fact_market_sentiment      
==================================================

~~~~~~~~~~~~~~~~~~~~~~~~~~~~~~~~~~~~~~~~~~~~~~~~~~~~~~~~~~~~~~~~~~~~~~~~~~~~~~~~~~~~~~~~~~~~~~~~~~~~~~~~~~~~~~~~~~~~~~~~~~~~~~~~~~~~~~~~~~~~~~~~~~~~~~~~~~~~~~~~~~~~~~~~~~~~~~~~~~~~~~~~~~~~~~~~~~~~~~~~~~~~~~~~~~~~~~~~~~~~~~~~~~~~~~~~~~~~~~~~~~~~~~

"This full domain test demonstrates the intelligent load orchestration across fact and dimension tables,"
"using deduplication, FK validation, and per-version metadata tracking."
==================================================
      Exchange Loader - Start Full Domain Load        
==================================================

" First stable dimension loaded."
 " 1. No FK, so loaded directly after deduplication on exchange_id."
 " 2. 816 new rows written."
 " 3. Load metadata and transformation snapshot correctly recorded."
==================================================
       Loading Started for dim_exchange_id        
==================================================
[2025-05-24 23:16:12] [LOAD] [EXCHANGELOADER] [INFO] No existing metadata for dim_exchange_id 
[2025-05-24 23:16:12] [LOAD] [EXCHANGELOADER] [dim_exchange_id] Data is not loaded yet. Proceeding... 
[2025-05-24 23:16:12] [LOAD] [EXCHANGELOADER] [dim_exchange_id] Reading Delta table from: /home/hm/Desktop/Data_engineer/Projects/Crypto_OLAP_ETL_Project/crypto_etl_project/data/silver/exchange/dim_exchange_id 
[2025-05-24 23:16:12] [LOAD] [EXCHANGELOADER] [dim_exchange_id] Successfully read Delta table dim_exchange_id 
[2025-05-24 23:16:12] [LOAD] [EXCHANGELOADER] [dim_exchange_id] Row count: 816 | Schema: struct<name:string,exchange_id:int>
[2025-05-24 23:16:12] [LOAD] [EXCHANGELOADER] [dim_exchange_id] Reading existing records from DW for deduplication... 
[2025-05-24 23:16:12] [LOAD] [EXCHANGELOADER] [dim_exchange_id] Filtering new rows using left anti join on primary key... 
[2025-05-24 23:16:12] [LOAD] [EXCHANGELOADER] [dim_exchange_id] Filtered 816 new rows to load 
[2025-05-24 23:16:12] [LOAD] [EXCHANGELOADER] [dim_exchange_id] Successfully wrote rows to dim_exchange_id 
[2025-05-24 23:16:12] [LOAD] [EXCHANGELOADER] [dim_exchange_id] 816 new rows successfully written to dim_exchange_id 
[2025-05-24 23:16:12] [LOAD] [EXCHANGELOADER] Last snapshot loaded from /home/hm/Desktop/Data_engineer/Projects/Crypto_OLAP_ETL_Project/crypto_etl_project/metadata/transform/exchange/dim_exchange_id.jsonl 
[2025-05-24 23:16:12] [LOAD] [EXCHANGELOADER] [dim_exchange_id] Saving load metadata for dim_exchange_id 
[2025-05-24 23:16:12] [LOAD] [EXCHANGELOADER] Metadata saved to /home/hm/Desktop/Data_engineer/Projects/Crypto_OLAP_ETL_Project/crypto_etl_project/metadata/load/exchange/dim_exchange_id.jsonl 
[2025-05-24 23:16:12] [LOAD] [EXCHANGELOADER] [dim_exchange_id] Loaded operation for dim_exchange_id succeeded 

==================================================
        Loading Ended for dim_exchange_id         
==================================================

" Second stable dimension loaded."
 " 1. Depends on dim_exchange_id."
 " 2. Deduplication and FK validation (exchange_id) performed."
 " 3. Also 816 new rows written with full logging."
==================================================
      Loading Started for dim_exchange_info       
==================================================
[2025-05-24 23:16:12] [LOAD] [EXCHANGELOADER] [INFO] No existing metadata for dim_exchange_info 
[2025-05-24 23:16:12] [LOAD] [EXCHANGELOADER] [dim_exchange_info] Data is not loaded yet. Proceeding... 
[2025-05-24 23:16:12] [LOAD] [EXCHANGELOADER] [dim_exchange_info] Reading Delta table from: /home/hm/Desktop/Data_engineer/Projects/Crypto_OLAP_ETL_Project/crypto_etl_project/data/silver/exchange/dim_exchange_info 
[2025-05-24 23:16:12] [LOAD] [EXCHANGELOADER] [dim_exchange_info] Successfully read Delta table dim_exchange_info 
[2025-05-24 23:16:12] [LOAD] [EXCHANGELOADER] [dim_exchange_info] Row count: 816 | Schema: struct<exchange_id:int,slug:string,date_launched:string,description:string,logo_url:string,website_url:string,twitter_url:string,fee_url:string,blog_url:string,fiats:array<string>> 
[2025-05-24 23:16:12] [LOAD] [EXCHANGELOADER] [dim_exchange_info] Reading existing records from DW for deduplication... 
[2025-05-24 23:16:12] [LOAD] [EXCHANGELOADER] [dim_exchange_info] Filtering new rows using left anti join on primary key... 
[2025-05-24 23:16:12] [LOAD] [EXCHANGELOADER] [dim_exchange_info] Filtered 816 new rows to load 
[2025-05-24 23:16:12] [LOAD] [EXCHANGELOADER] [dim_exchange_info] Successfully wrote ows to dim_exchange_info 
[2025-05-24 23:16:12] [LOAD] [EXCHANGELOADER] [dim_exchange_info] 816 new rows successfully written to dim_exchange_info 
[2025-05-24 23:16:12] [LOAD] [EXCHANGELOADER] Last snapshot loaded from /home/hm/Desktop/Data_engineer/Projects/Crypto_OLAP_ETL_Project/crypto_etl_project/metadata/transform/exchange/dim_exchange_info.jsonl 
[2025-05-24 23:16:12] [LOAD] [EXCHANGELOADER] [dim_exchange_info] Saving load metadata for dim_exchange_info 
[2025-05-24 23:16:12] [LOAD] [EXCHANGELOADER] Metadata saved to /home/hm/Desktop/Data_engineer/Projects/Crypto_OLAP_ETL_Project/crypto_etl_project/metadata/load/exchange/dim_exchange_info.jsonl 
[2025-05-24 23:16:12] [LOAD] [EXCHANGELOADER] [dim_exchange_info] Loaded operation for dim_exchange_info succeeded 

==================================================
       Loading Ended for dim_exchange_info        
==================================================

" Variant dimension table."
 " 1. No deduplication needed - full append [composite key (exchange_id, snapshot_timestamp)]."
 " 2. FK validation (exchange_id) enabled and passed."
 " 3. Data size and structure confirmed."
 " 4. Also 816 new rows written with full logging."
==================================================
       Loading Started for dim_exchange_map       
==================================================
[2025-05-24 23:16:12] [LOAD] [EXCHANGELOADER] [INFO] No existing metadata for dim_exchange_map 
[2025-05-24 23:16:12] [LOAD] [EXCHANGELOADER] [dim_exchange_map] Data is not loaded yet. Proceeding... 
[2025-05-24 23:16:12] [LOAD] [EXCHANGELOADER] [dim_exchange_map] Reading Delta table from: /home/hm/Desktop/Data_engineer/Projects/Crypto_OLAP_ETL_Project/crypto_etl_project/data/silver/exchange/dim_exchange_map 
[2025-05-24 23:16:12] [LOAD] [EXCHANGELOADER] LOADING DIM_EXCHANGE_MAP 
[2025-05-24 23:16:12] [LOAD] [EXCHANGELOADER] [dim_exchange_map] Row count: 816 | Schema: struct<exchange_id:int,snapshot_timestamp:timestamp,snapshot_str:string,weekly_visits:int,maker_fee:float,taker_fee:float,is_active:boolean> 
[2025-05-24 23:16:12] [LOAD] [EXCHANGELOADER] [dim_exchange_map] Successfully wrote rows to dim_exchange_map 
[2025-05-24 23:16:12] [LOAD] [EXCHANGELOADER] Last snapshot loaded from /home/hm/Desktop/Data_engineer/Projects/Crypto_OLAP_ETL_Project/crypto_etl_project/metadata/transform/exchange/dim_exchange_map.jsonl 
[2025-05-24 23:16:12] [LOAD] [EXCHANGELOADER] Metadata saved to /home/hm/Desktop/Data_engineer/Projects/Crypto_OLAP_ETL_Project/crypto_etl_project/metadata/load/exchange/dim_exchange_map.jsonl 
[2025-05-24 23:16:12] [LOAD] [EXCHANGELOADER] [dim_exchange_map] Loaded operation for dim_exchange_map succeeded 

==================================================
        Loading Ended for dim_exchange_map        
==================================================

" Fact table referencing both dim_crypto_id and dim_exchange_id."
 " 1. FK validation step shows 861 rows filtered out due to invalid crypto_id."
 " 2. 3026 rows retained and written."
 " 3. FK enforcement verified per key."
" This proves FK validation logic is both selective and effective."
==================================================
     Loading Started for fact_exchange_assets     
==================================================
[2025-05-24 23:16:12] [LOAD] [EXCHANGELOADER] [INFO] No existing metadata for fact_exchange_assets 
[2025-05-24 23:16:12] [LOAD] [EXCHANGELOADER] [fact_exchange_assets] Data is not loaded yet. Proceeding... 
[2025-05-24 23:16:12] [LOAD] [EXCHANGELOADER] [fact_exchange_assets] Reading Delta table from: /home/hm/Desktop/Data_engineer/Projects/Crypto_OLAP_ETL_Project/crypto_etl_project/data/silver/exchange/fact_exchange_assets 
[2025-05-24 23:16:12] [LOAD] [EXCHANGELOADER] LOADING FACT_EXCHANGE_ASSETS 
[2025-05-24 23:16:12] [LOAD] [EXCHANGELOADER] [fact_exchange_assets] Row count: 3887 | Schema: struct<exchange_id:int,snapshot_timestamp:timestamp,snapshot_str:string,spot_volume_usd:double,blockchain_symbol:string,blockchain_name:string,wallet_address:string,crypto_id:int,balance:double,currency_price_usd:double,total_usd_value:double,wallet_weight:double> 
[2025-05-24 23:16:12] [LOAD] [EXCHANGELOADER] [fact_exchange_assets] Validating foreign key 'crypto_id' against 'dim_crypto_id' 
[2025-05-24 23:16:12] [LOAD] [EXCHANGELOADER] [fact_exchange_assets] Filtered 861 invalid rows for FK 'crypto_id' (remaining: 3026)
[2025-05-24 23:16:12] [LOAD] [EXCHANGELOADER] [fact_exchange_assets] Validating foreign key 'exchange_id' against 'dim_exchange_id'
[2025-05-24 23:16:12] [LOAD] [EXCHANGELOADER] [fact_exchange_assets] Filtered 0 invalid rows for FK 'exchange_id' (remaining: 3026)
[2025-05-24 23:16:12] [LOAD] [EXCHANGELOADER] [fact_exchange_assets] Successfully wrote 3026 rows to fact_exchange_assets 
[2025-05-24 23:16:12] [LOAD] [EXCHANGELOADER] [fact_exchange_assets] Last snapshot loaded from /home/hm/Desktop/Data_engineer/Projects/Crypto_OLAP_ETL_Project/crypto_etl_project/metadata/transform/exchange/fact_exchange_assets.jsonl
[2025-05-24 23:16:12] [LOAD] [EXCHANGELOADER] [fact_exchange_assets] Saving load metadata for fact_exchange_assets
[2025-05-24 23:16:12] [LOAD] [EXCHANGELOADER] [fact_exchange_assets] Metadata saved to /home/hm/Desktop/Data_engineer/Projects/Crypto_OLAP_ETL_Project/crypto_etl_project/metadata/load/exchange/fact_exchange_assets.jsonl 
[2025-05-24 23:16:12] [LOAD] [EXCHANGELOADER] [fact_exchange_assets] Loaded operation for fact_exchange_assets succeeded

==================================================
      Loading Ended for fact_exchange_assets      
==================================================

==================================================
        Exchange Loader - End Full Doamin Load        
==================================================

~~~~~~~~~~~~~~~~~~~~~~~~~~~~~~~~~~~~~~~~~~~~~~~~~~~~~~~~~~~~~~~~~~~~~~~~~~~~~~~~~~~~~~~~~~~~~~~~~~~~~~~~~~~~~~~~~~~~~~~~~~~~~~~~~~~~~~~~~~~~~~~~~~~~~~~~~~~~~~~~~~~~~~~~~~~~~~~~~~~~~~~~~~~~~~~~~~~~~~~~~~~~~~~~~~~~~~~~~~~~~~~~~~~~~~~~~~~~~~~~~~~~~~

